<?xml version="1.0" encoding="UTF-8"?>
<!-- Generated by org.testng.reporters.JUnitXMLReporter -->
<testsuite ignored="1" hostname="DESKTOP-4HJSG2K" failures="0" tests="1" name="Default test" time="16.836" errors="0" timestamp="2025-01-20T11:35:18 IST">
  <testcase classname="com.sevenrmartsupermarket.tests.ManageContactTest" name="verifyContactUsHeading" time="2.174"/>
  <testcase classname="com.sevenrmartsupermarket.tests.ManageContactTest" name="verifyEmailOfContactInfo" time="0.0">
    <ignored/>
  </testcase> <!-- verifyEmailOfContactInfo -->
</testsuite> <!-- Default test -->
