<?xml version="1.0" encoding="UTF-8"?>
<!-- Generated by org.testng.reporters.JUnitXMLReporter -->
<testsuite ignored="2" hostname="DESKTOP-4HJSG2K" failures="0" tests="1" name="Default test" time="27.244" errors="0" timestamp="2025-01-15T21:34:19 IST">
  <testcase classname="com.sevenrmartsupermarket.tests.LoginTest" name="verifySignInButtonnIsEnabled" time="0.982"/>
  <testcase classname="com.sevenrmartsupermarket.tests.LoginTest" name="verifyAlertMsgForInvalidPassword" time="0.0">
    <ignored/>
  </testcase> <!-- verifyAlertMsgForInvalidPassword -->
  <testcase classname="com.sevenrmartsupermarket.tests.LoginTest" name="verifyCheckBoxIsEnabled" time="0.0">
    <ignored/>
  </testcase> <!-- verifyCheckBoxIsEnabled -->
</testsuite> <!-- Default test -->
