<?xml version="1.0" encoding="UTF-8"?>
<!-- Generated by org.testng.reporters.JUnitXMLReporter -->
<testsuite ignored="0" hostname="DESKTOP-4HJSG2K" failures="0" tests="3" name="Executing in Chrome" time="68.892" errors="0" timestamp="2025-01-15T20:51:06 IST">
  <testcase classname="com.sevenrmartsupermarket.tests.LoginTest" name="verifyAlertMsgForInvalidPassword" time="3.567"/>
  <testcase classname="com.sevenrmartsupermarket.tests.LoginTest" name="verifyCheckBoxIsEnabled" time="1.018"/>
  <testcase classname="com.sevenrmartsupermarket.tests.LoginTest" name="verifySignInButtonnIsEnabled" time="0.123"/>
</testsuite> <!-- Executing in Chrome -->
