<?xml version="1.0" encoding="UTF-8"?>
<!-- Generated by org.testng.reporters.JUnitXMLReporter -->
<testsuite ignored="0" hostname="DESKTOP-4HJSG2K" failures="0" tests="3" name="Regression Test" time="24.378" errors="0" timestamp="2025-01-17T20:52:30 IST">
  <testcase classname="com.sevenrmartsupermarket.tests.LoginTest" name="verifyAlertMsgForInvalidPassword" time="0.001">
    <skipped/>
  </testcase> <!-- verifyAlertMsgForInvalidPassword -->
  <testcase classname="com.sevenrmartsupermarket.tests.LoginTest" name="verifyCheckBoxIsEnabled" time="0.0">
    <skipped/>
  </testcase> <!-- verifyCheckBoxIsEnabled -->
  <testcase classname="com.sevenrmartsupermarket.tests.LoginTest" name="verifySignInButtonnIsEnabled" time="0.0">
    <skipped/>
  </testcase> <!-- verifySignInButtonnIsEnabled -->
</testsuite> <!-- Regression Test -->
