<?xml version="1.0" encoding="UTF-8"?>
<!-- Generated by org.testng.reporters.JUnitXMLReporter -->
<testsuite ignored="0" hostname="DESKTOP-4HJSG2K" failures="0" tests="6" name="Regression Test" time="217.709" errors="0" timestamp="2025-01-14T21:30:59 IST">
  <testcase classname="com.sevenrmartsupermarket.tests.LoginTest" name="verifyAlertMsgForInvalidPassword" time="4.943"/>
  <testcase classname="com.sevenrmartsupermarket.tests.ManageNewsTest" name="verifyAlertMsg" time="8.835"/>
  <testcase classname="com.sevenrmartsupermarket.tests.LoginTest" name="verifyCheckBoxIsEnabled" time="0.724"/>
  <testcase classname="com.sevenrmartsupermarket.tests.LoginTest" name="verifySignInButtonnIsEnabled" time="0.344"/>
  <testcase classname="com.sevenrmartsupermarket.tests.ManageNewsTest" name="verifyEnterNews" time="9.397"/>
  <testcase classname="com.sevenrmartsupermarket.tests.LoginTest" name="verifyUserLogin" time="2.251"/>
</testsuite> <!-- Regression Test -->
