<?xml version="1.0" encoding="UTF-8"?>
<!-- Generated by org.testng.reporters.JUnitXMLReporter -->
<testsuite ignored="0" hostname="DESKTOP-4HJSG2K" failures="0" tests="7" name="Smoke Test" time="163.445" errors="0" timestamp="2025-01-14T21:27:21 IST">
  <testcase classname="com.sevenrmartsupermarket.tests.LoginTest" name="verifyAlertMsgForInvalidPassword" time="11.66"/>
  <testcase classname="com.sevenrmartsupermarket.tests.ManageNewsTest" name="verifyAlertMsg" time="14.78"/>
  <testcase classname="com.sevenrmartsupermarket.tests.AdminUserTest" name="verifyNewAdminInfo" time="18.049"/>
  <testcase classname="com.sevenrmartsupermarket.tests.LoginTest" name="verifyCheckBoxIsEnabled" time="1.515"/>
  <testcase classname="com.sevenrmartsupermarket.tests.LoginTest" name="verifySignInButtonnIsEnabled" time="0.225"/>
  <testcase classname="com.sevenrmartsupermarket.tests.ManageNewsTest" name="verifyEnterNews" time="33.422"/>
  <testcase classname="com.sevenrmartsupermarket.tests.LoginTest" name="verifyUserLogin" time="2.14"/>
</testsuite> <!-- Smoke Test -->
