<?xml version="1.0" encoding="UTF-8"?>
<testng-results ignored="2" total="3" passed="1" failed="0" skipped="0">
  <reporter-output>
  </reporter-output>
  <suite started-at="2025-01-15T21:33:52 IST" name="Default suite" finished-at="2025-01-15T21:34:19 IST" duration-ms="27244">
    <groups>
      <group name="regression">
        <method signature="LoginTest.verifySignInButtonnIsEnabled()[pri:0, instance:com.sevenrmartsupermarket.tests.LoginTest@25be7b63]" name="verifySignInButtonnIsEnabled" class="com.sevenrmartsupermarket.tests.LoginTest"/>
      </group> <!-- regression -->
      <group name="smoke">
        <method signature="LoginTest.verifySignInButtonnIsEnabled()[pri:0, instance:com.sevenrmartsupermarket.tests.LoginTest@25be7b63]" name="verifySignInButtonnIsEnabled" class="com.sevenrmartsupermarket.tests.LoginTest"/>
      </group> <!-- smoke -->
    </groups>
    <test started-at="2025-01-15T21:33:52 IST" name="Default test" finished-at="2025-01-15T21:34:19 IST" duration-ms="27244">
      <class name="com.sevenrmartsupermarket.tests.LoginTest">
        <test-method is-config="true" signature="launchApplication()[pri:0, instance:com.sevenrmartsupermarket.tests.LoginTest@25be7b63]" started-at="2025-01-15T21:33:52 IST" name="launchApplication" finished-at="2025-01-15T21:34:18 IST" duration-ms="26150" status="PASS">
          <reporter-output>
          </reporter-output>
        </test-method> <!-- launchApplication -->
        <test-method signature="verifySignInButtonnIsEnabled()[pri:0, instance:com.sevenrmartsupermarket.tests.LoginTest@25be7b63]" started-at="2025-01-15T21:34:18 IST" name="verifySignInButtonnIsEnabled" finished-at="2025-01-15T21:34:19 IST" duration-ms="982" status="PASS">
          <reporter-output>
          </reporter-output>
        </test-method> <!-- verifySignInButtonnIsEnabled -->
        <test-method is-config="true" signature="terminateSession(org.testng.ITestResult)[pri:0, instance:com.sevenrmartsupermarket.tests.LoginTest@25be7b63]" started-at="2025-01-15T21:34:19 IST" name="terminateSession" finished-at="2025-01-15T21:34:19 IST" duration-ms="8" status="PASS">
          <params>
            <param index="0">
              <value>
                <![CDATA[[TestResult name=verifySignInButtonnIsEnabled status=SUCCESS method=LoginTest.verifySignInButtonnIsEnabled()[pri:0, instance:com.sevenrmartsupermarket.tests.LoginTest@25be7b63] output={null}]]]>
              </value>
            </param>
          </params>
          <reporter-output>
          </reporter-output>
        </test-method> <!-- terminateSession -->
      </class> <!-- com.sevenrmartsupermarket.tests.LoginTest -->
    </test> <!-- Default test -->
  </suite> <!-- Default suite -->
</testng-results>
